C51 COMPILER V9.59.0.0   EXP3                                                              03/25/2019 14:26:14 PAGE 1   


C51 COMPILER V9.59.0.0, COMPILATION OF MODULE EXP3
OBJECT MODULE PLACED IN .\Objects\exp3.obj
COMPILER INVOKED BY: C:\Keil_v5\C51\BIN\C51.EXE exp3.c OPTIMIZE(8,SPEED) BROWSE DEBUG OBJECTEXTEND PRINT(.\Listings\exp3
                    -.lst) TABS(2) OBJECT(.\Objects\exp3.obj)

line level    source

   1          #include <REG51F.H>
   2          
   3          #define CLK 12000000
   4          #define FREQ_TIMER 100
   5          #define CORRECTION 6000
   6          #define INITIAL_TH0 ((65536 - (CLK/(12*FREQ_TIMER)) + CORRECTION) >> 8)
   7          #define INITIAL_TL0 ((65536 - (CLK/(12*FREQ_TIMER)) + CORRECTION) & 0xFF)
   8          
   9          sbit cl = P2^0;
  10          sbit ch = P2^1;
  11          
  12          void firstMachine();
  13          void secondMachine();
  14          
  15          void start_timer();
  16          void timer_interrupt(void);
  17          
  18          unsigned int first_counter = 0, second_counter = 0;
  19          unsigned char first_counter_enabled = 0, second_counter_enabled = 0;
  20          
  21          void main() {
  22   1        start_timer();
  23   1        EA = 1;
  24   1        while(1) {
  25   2          firstMachine();
  26   2          secondMachine();
  27   2        }
  28   1      }
  29          
  30          void start_timer() {
  31   1          TR0 = 0;
  32   1          TMOD = (TMOD & 0xF0) | 0x01;
  33   1          TL0 = INITIAL_TL0;
  34   1          TH0 = INITIAL_TH0;
  35   1          ET0 = 1;
  36   1          TR0 = 1;
  37   1      }
  38          
  39          void timer_interrupt(void) interrupt 1 using 2 {
  40   1        TR0 = 0;
  41   1        TL0 += INITIAL_TL0;
  42   1        TH0 += INITIAL_TH0 + (unsigned char) CY;
  43   1        TR0 = 1;
  44   1        
  45   1        if (first_counter_enabled) first_counter++;
  46   1        if (second_counter_enabled) second_counter++;
  47   1      }
  48          
  49          void firstMachine(){
  50   1        static unsigned char state = 0;
  51   1        switch (state) {
  52   2          case 0:
  53   2            if (ch == 0) {
  54   3              state = 1;
C51 COMPILER V9.59.0.0   EXP3                                                              03/25/2019 14:26:14 PAGE 2   

  55   3            }
  56   2            break;
  57   2          case 1:
  58   2            if (ch == 1) {
  59   3              P1 = (P1 & 0x0F) | (P0 & 0xF0);
  60   3              first_counter = 0;
  61   3              first_counter_enabled = 1;
  62   3              state = 2;
  63   3            }
  64   2            break;  
  65   2          case 2:
  66   2            if (first_counter == 1280) {
  67   3              P1 = P1 & 0x0F;
  68   3              state = 0;
  69   3            }
  70   2            break;
  71   2        }
  72   1      }
  73          
  74          void secondMachine() {
  75   1          static unsigned char state = 0;
  76   1          switch (state) {
  77   2          case 0:
  78   2            if (cl == 0) {
  79   3              state = 1;
  80   3            }
  81   2            break;
  82   2          case 1:
  83   2            if (cl == 1) {
  84   3              P1 = (P1 & 0xF0) | (P0 & 0x0F);
  85   3              second_counter = 0;
  86   3              second_counter_enabled = 1;
  87   3              state = 2;
  88   3            }
  89   2            break;
  90   2          case 2:
  91   2            if (second_counter == 1280) {
  92   3              P1 = P1 & 0xF0;
  93   3              state = 0;
  94   3            }
  95   2            break;
  96   2        }
  97   1      }


MODULE INFORMATION:   STATIC OVERLAYABLE
   CODE SIZE        =    209    ----
   CONSTANT SIZE    =   ----    ----
   XDATA SIZE       =   ----    ----
   PDATA SIZE       =   ----    ----
   DATA SIZE        =      8    ----
   IDATA SIZE       =   ----    ----
   BIT SIZE         =   ----    ----
END OF MODULE INFORMATION.


C51 COMPILATION COMPLETE.  0 WARNING(S),  0 ERROR(S)
